Symlinking /home/user/catkin_ws/devel/lib/pkgconfig/unit_5_services.pc
Symlinking /home/user/catkin_ws/devel/lib/python3/dist-packages/unit_5_services/__init__.py
Symlinking /home/user/catkin_ws/devel/lib/python3/dist-packages/unit_5_services/srv/_activate_circle_movement.py
Symlinking /home/user/catkin_ws/devel/lib/python3/dist-packages/unit_5_services/srv/__init__.py
Symlinking /home/user/catkin_ws/devel/include/unit_5_services/activate_circle_movement.h
Symlinking /home/user/catkin_ws/devel/include/unit_5_services/activate_circle_movementRequest.h
Symlinking /home/user/catkin_ws/devel/include/unit_5_services/activate_circle_movementResponse.h
Symlinking /home/user/catkin_ws/devel/share/unit_5_services/cmake/unit_5_servicesConfig.cmake
Symlinking /home/user/catkin_ws/devel/share/unit_5_services/cmake/unit_5_services-msg-extras.cmake
Symlinking /home/user/catkin_ws/devel/share/unit_5_services/cmake/unit_5_servicesConfig-version.cmake
Symlinking /home/user/catkin_ws/devel/share/unit_5_services/cmake/unit_5_services-msg-paths.cmake
Symlinking /home/user/catkin_ws/devel/share/common-lisp/ros/unit_5_services/srv/unit_5_services-srv.asd
Symlinking /home/user/catkin_ws/devel/share/common-lisp/ros/unit_5_services/srv/_package_activate_circle_movement.lisp
Symlinking /home/user/catkin_ws/devel/share/common-lisp/ros/unit_5_services/srv/_package.lisp
Symlinking /home/user/catkin_ws/devel/share/common-lisp/ros/unit_5_services/srv/activate_circle_movement.lisp
Symlinking /home/user/catkin_ws/devel/share/roseus/ros/unit_5_services/manifest.l
Symlinking /home/user/catkin_ws/devel/share/roseus/ros/unit_5_services/srv/activate_circle_movement.l
Symlinking /home/user/catkin_ws/devel/share/gennodejs/ros/unit_5_services/_index.js
Symlinking /home/user/catkin_ws/devel/share/gennodejs/ros/unit_5_services/srv/_index.js
Symlinking /home/user/catkin_ws/devel/share/gennodejs/ros/unit_5_services/srv/activate_circle_movement.js
