Linked: (/home/user/catkin_ws/devel/.private/unit_5_services/lib/pkgconfig/unit_5_services.pc, /home/user/catkin_ws/devel/lib/pkgconfig/unit_5_services.pc)
Linked: (/home/user/catkin_ws/devel/.private/unit_5_services/lib/python3/dist-packages/unit_5_services/__init__.py, /home/user/catkin_ws/devel/lib/python3/dist-packages/unit_5_services/__init__.py)
Linked: (/home/user/catkin_ws/devel/.private/unit_5_services/lib/python3/dist-packages/unit_5_services/srv/_activate_circle_movement.py, /home/user/catkin_ws/devel/lib/python3/dist-packages/unit_5_services/srv/_activate_circle_movement.py)
Linked: (/home/user/catkin_ws/devel/.private/unit_5_services/lib/python3/dist-packages/unit_5_services/srv/__init__.py, /home/user/catkin_ws/devel/lib/python3/dist-packages/unit_5_services/srv/__init__.py)
Linked: (/home/user/catkin_ws/devel/.private/unit_5_services/include/unit_5_services/activate_circle_movement.h, /home/user/catkin_ws/devel/include/unit_5_services/activate_circle_movement.h)
Linked: (/home/user/catkin_ws/devel/.private/unit_5_services/include/unit_5_services/activate_circle_movementRequest.h, /home/user/catkin_ws/devel/include/unit_5_services/activate_circle_movementRequest.h)
Linked: (/home/user/catkin_ws/devel/.private/unit_5_services/include/unit_5_services/activate_circle_movementResponse.h, /home/user/catkin_ws/devel/include/unit_5_services/activate_circle_movementResponse.h)
Linked: (/home/user/catkin_ws/devel/.private/unit_5_services/share/unit_5_services/cmake/unit_5_servicesConfig.cmake, /home/user/catkin_ws/devel/share/unit_5_services/cmake/unit_5_servicesConfig.cmake)
Linked: (/home/user/catkin_ws/devel/.private/unit_5_services/share/unit_5_services/cmake/unit_5_services-msg-extras.cmake, /home/user/catkin_ws/devel/share/unit_5_services/cmake/unit_5_services-msg-extras.cmake)
Linked: (/home/user/catkin_ws/devel/.private/unit_5_services/share/unit_5_services/cmake/unit_5_servicesConfig-version.cmake, /home/user/catkin_ws/devel/share/unit_5_services/cmake/unit_5_servicesConfig-version.cmake)
Linked: (/home/user/catkin_ws/devel/.private/unit_5_services/share/unit_5_services/cmake/unit_5_services-msg-paths.cmake, /home/user/catkin_ws/devel/share/unit_5_services/cmake/unit_5_services-msg-paths.cmake)
Linked: (/home/user/catkin_ws/devel/.private/unit_5_services/share/common-lisp/ros/unit_5_services/srv/unit_5_services-srv.asd, /home/user/catkin_ws/devel/share/common-lisp/ros/unit_5_services/srv/unit_5_services-srv.asd)
Linked: (/home/user/catkin_ws/devel/.private/unit_5_services/share/common-lisp/ros/unit_5_services/srv/_package_activate_circle_movement.lisp, /home/user/catkin_ws/devel/share/common-lisp/ros/unit_5_services/srv/_package_activate_circle_movement.lisp)
Linked: (/home/user/catkin_ws/devel/.private/unit_5_services/share/common-lisp/ros/unit_5_services/srv/_package.lisp, /home/user/catkin_ws/devel/share/common-lisp/ros/unit_5_services/srv/_package.lisp)
Linked: (/home/user/catkin_ws/devel/.private/unit_5_services/share/common-lisp/ros/unit_5_services/srv/activate_circle_movement.lisp, /home/user/catkin_ws/devel/share/common-lisp/ros/unit_5_services/srv/activate_circle_movement.lisp)
Linked: (/home/user/catkin_ws/devel/.private/unit_5_services/share/roseus/ros/unit_5_services/manifest.l, /home/user/catkin_ws/devel/share/roseus/ros/unit_5_services/manifest.l)
Linked: (/home/user/catkin_ws/devel/.private/unit_5_services/share/roseus/ros/unit_5_services/srv/activate_circle_movement.l, /home/user/catkin_ws/devel/share/roseus/ros/unit_5_services/srv/activate_circle_movement.l)
Linked: (/home/user/catkin_ws/devel/.private/unit_5_services/share/gennodejs/ros/unit_5_services/_index.js, /home/user/catkin_ws/devel/share/gennodejs/ros/unit_5_services/_index.js)
Linked: (/home/user/catkin_ws/devel/.private/unit_5_services/share/gennodejs/ros/unit_5_services/srv/_index.js, /home/user/catkin_ws/devel/share/gennodejs/ros/unit_5_services/srv/_index.js)
Linked: (/home/user/catkin_ws/devel/.private/unit_5_services/share/gennodejs/ros/unit_5_services/srv/activate_circle_movement.js, /home/user/catkin_ws/devel/share/gennodejs/ros/unit_5_services/srv/activate_circle_movement.js)
